0 info it worked if it ends with ok
1 verbose cli [ '/usr/local/bin/node', '/usr/local/bin/npm', 'start' ]
2 info using npm@2.5.1
3 info using node@v0.12.0
4 verbose stack Error: Failed to parse json
4 verbose stack Unexpected token }
4 verbose stack     at parseError (/usr/local/lib/node_modules/npm/node_modules/read-package-json/read-json.js:378:25)
4 verbose stack     at parseJson (/usr/local/lib/node_modules/npm/node_modules/read-package-json/read-json.js:85:51)
4 verbose stack     at /usr/local/lib/node_modules/npm/node_modules/read-package-json/read-json.js:59:33
4 verbose stack     at evalmachine.<anonymous>:336:14
4 verbose stack     at /usr/local/lib/node_modules/npm/node_modules/graceful-fs/graceful-fs.js:102:5
4 verbose stack     at FSReqWrap.oncomplete (evalmachine.<anonymous>:99:15)
5 verbose cwd /Users/christianalfoni/Documents/dev/R
6 error Darwin 14.1.0
7 error argv "/usr/local/bin/node" "/usr/local/bin/npm" "start"
8 error node v0.12.0
9 error npm  v2.5.1
10 error file /Users/christianalfoni/Documents/dev/R/package.json
11 error code EJSONPARSE
12 error Failed to parse json
12 error Unexpected token }
13 error File: /Users/christianalfoni/Documents/dev/R/package.json
14 error Failed to parse package.json data.
14 error package.json must be actual JSON, not just JavaScript.
14 error
14 error This is not a bug in npm.
14 error Tell the package author to fix their package.json file. JSON.parse
15 verbose exit [ 1, true ]
